Determining if the pthread_create exist failed with the following output:
Change Dir: /home/carlos/catkin_ws/src/caso3/build/CMakeFiles/CMakeTmp

Run Build Command:/usr/bin/make "cmTryCompileExec3492920926/fast"
make[1]: Entering directory `/home/carlos/catkin_ws/src/caso3/build/CMakeFiles/CMakeTmp'
/usr/bin/make -f CMakeFiles/cmTryCompileExec3492920926.dir/build.make CMakeFiles/cmTryCompileExec3492920926.dir/build
make[2]: Entering directory `/home/carlos/catkin_ws/src/caso3/build/CMakeFiles/CMakeTmp'
/usr/bin/cmake -E cmake_progress_report /home/carlos/catkin_ws/src/caso3/build/CMakeFiles/CMakeTmp/CMakeFiles 1
Building C object CMakeFiles/cmTryCompileExec3492920926.dir/CheckSymbolExists.c.o
/usr/bin/cc    -o CMakeFiles/cmTryCompileExec3492920926.dir/CheckSymbolExists.c.o   -c /home/carlos/catkin_ws/src/caso3/build/CMakeFiles/CMakeTmp/CheckSymbolExists.c
Linking C executable cmTryCompileExec3492920926
/usr/bin/cmake -E cmake_link_script CMakeFiles/cmTryCompileExec3492920926.dir/link.txt --verbose=1
/usr/bin/cc       CMakeFiles/cmTryCompileExec3492920926.dir/CheckSymbolExists.c.o  -o cmTryCompileExec3492920926 -rdynamic 
CMakeFiles/cmTryCompileExec3492920926.dir/CheckSymbolExists.c.o: In function `main':
CheckSymbolExists.c:(.text+0x16): undefined reference to `pthread_create'
collect2: error: ld returned 1 exit status
make[2]: *** [cmTryCompileExec3492920926] Error 1
make[2]: Leaving directory `/home/carlos/catkin_ws/src/caso3/build/CMakeFiles/CMakeTmp'
make[1]: *** [cmTryCompileExec3492920926/fast] Error 2
make[1]: Leaving directory `/home/carlos/catkin_ws/src/caso3/build/CMakeFiles/CMakeTmp'

File /home/carlos/catkin_ws/src/caso3/build/CMakeFiles/CMakeTmp/CheckSymbolExists.c:
/* */
#include <pthread.h>

int main(int argc, char** argv)
{
  (void)argv;
#ifndef pthread_create
  return ((int*)(&pthread_create))[argc];
#else
  (void)argc;
  return 0;
#endif
}

Determining if the function pthread_create exists in the pthreads failed with the following output:
Change Dir: /home/carlos/catkin_ws/src/caso3/build/CMakeFiles/CMakeTmp

Run Build Command:/usr/bin/make "cmTryCompileExec2301295287/fast"
make[1]: Entering directory `/home/carlos/catkin_ws/src/caso3/build/CMakeFiles/CMakeTmp'
/usr/bin/make -f CMakeFiles/cmTryCompileExec2301295287.dir/build.make CMakeFiles/cmTryCompileExec2301295287.dir/build
make[2]: Entering directory `/home/carlos/catkin_ws/src/caso3/build/CMakeFiles/CMakeTmp'
/usr/bin/cmake -E cmake_progress_report /home/carlos/catkin_ws/src/caso3/build/CMakeFiles/CMakeTmp/CMakeFiles 1
Building C object CMakeFiles/cmTryCompileExec2301295287.dir/CheckFunctionExists.c.o
/usr/bin/cc   -DCHECK_FUNCTION_EXISTS=pthread_create   -o CMakeFiles/cmTryCompileExec2301295287.dir/CheckFunctionExists.c.o   -c /usr/share/cmake-2.8/Modules/CheckFunctionExists.c
Linking C executable cmTryCompileExec2301295287
/usr/bin/cmake -E cmake_link_script CMakeFiles/cmTryCompileExec2301295287.dir/link.txt --verbose=1
/usr/bin/cc   -DCHECK_FUNCTION_EXISTS=pthread_create    CMakeFiles/cmTryCompileExec2301295287.dir/CheckFunctionExists.c.o  -o cmTryCompileExec2301295287 -rdynamic -lpthreads 
/usr/bin/ld: cannot find -lpthreads
collect2: error: ld returned 1 exit status
make[2]: *** [cmTryCompileExec2301295287] Error 1
make[2]: Leaving directory `/home/carlos/catkin_ws/src/caso3/build/CMakeFiles/CMakeTmp'
make[1]: *** [cmTryCompileExec2301295287/fast] Error 2
make[1]: Leaving directory `/home/carlos/catkin_ws/src/caso3/build/CMakeFiles/CMakeTmp'


