Determining if the pthread_create exist failed with the following output:
Change Dir: /home/carlos/catkin_ws/src/caso2/build/CMakeFiles/CMakeTmp

Run Build Command:/usr/bin/make "cmTryCompileExec1076471354/fast"
make[1]: Entering directory `/home/carlos/catkin_ws/src/caso2/build/CMakeFiles/CMakeTmp'
/usr/bin/make -f CMakeFiles/cmTryCompileExec1076471354.dir/build.make CMakeFiles/cmTryCompileExec1076471354.dir/build
make[2]: Entering directory `/home/carlos/catkin_ws/src/caso2/build/CMakeFiles/CMakeTmp'
/usr/bin/cmake -E cmake_progress_report /home/carlos/catkin_ws/src/caso2/build/CMakeFiles/CMakeTmp/CMakeFiles 1
Building C object CMakeFiles/cmTryCompileExec1076471354.dir/CheckSymbolExists.c.o
/usr/bin/cc    -o CMakeFiles/cmTryCompileExec1076471354.dir/CheckSymbolExists.c.o   -c /home/carlos/catkin_ws/src/caso2/build/CMakeFiles/CMakeTmp/CheckSymbolExists.c
Linking C executable cmTryCompileExec1076471354
/usr/bin/cmake -E cmake_link_script CMakeFiles/cmTryCompileExec1076471354.dir/link.txt --verbose=1
/usr/bin/cc       CMakeFiles/cmTryCompileExec1076471354.dir/CheckSymbolExists.c.o  -o cmTryCompileExec1076471354 -rdynamic 
CMakeFiles/cmTryCompileExec1076471354.dir/CheckSymbolExists.c.o: In function `main':
CheckSymbolExists.c:(.text+0x16): undefined reference to `pthread_create'
collect2: error: ld returned 1 exit status
make[2]: Leaving directory `/home/carlos/catkin_ws/src/caso2/build/CMakeFiles/CMakeTmp'
make[2]: *** [cmTryCompileExec1076471354] Error 1
make[1]: *** [cmTryCompileExec1076471354/fast] Error 2
make[1]: Leaving directory `/home/carlos/catkin_ws/src/caso2/build/CMakeFiles/CMakeTmp'

File /home/carlos/catkin_ws/src/caso2/build/CMakeFiles/CMakeTmp/CheckSymbolExists.c:
/* */
#include <pthread.h>

int main(int argc, char** argv)
{
  (void)argv;
#ifndef pthread_create
  return ((int*)(&pthread_create))[argc];
#else
  (void)argc;
  return 0;
#endif
}

Determining if the function pthread_create exists in the pthreads failed with the following output:
Change Dir: /home/carlos/catkin_ws/src/caso2/build/CMakeFiles/CMakeTmp

Run Build Command:/usr/bin/make "cmTryCompileExec2123669852/fast"
make[1]: Entering directory `/home/carlos/catkin_ws/src/caso2/build/CMakeFiles/CMakeTmp'
/usr/bin/make -f CMakeFiles/cmTryCompileExec2123669852.dir/build.make CMakeFiles/cmTryCompileExec2123669852.dir/build
make[2]: Entering directory `/home/carlos/catkin_ws/src/caso2/build/CMakeFiles/CMakeTmp'
/usr/bin/cmake -E cmake_progress_report /home/carlos/catkin_ws/src/caso2/build/CMakeFiles/CMakeTmp/CMakeFiles 1
Building C object CMakeFiles/cmTryCompileExec2123669852.dir/CheckFunctionExists.c.o
/usr/bin/cc   -DCHECK_FUNCTION_EXISTS=pthread_create   -o CMakeFiles/cmTryCompileExec2123669852.dir/CheckFunctionExists.c.o   -c /usr/share/cmake-2.8/Modules/CheckFunctionExists.c
Linking C executable cmTryCompileExec2123669852
/usr/bin/cmake -E cmake_link_script CMakeFiles/cmTryCompileExec2123669852.dir/link.txt --verbose=1
/usr/bin/cc   -DCHECK_FUNCTION_EXISTS=pthread_create    CMakeFiles/cmTryCompileExec2123669852.dir/CheckFunctionExists.c.o  -o cmTryCompileExec2123669852 -rdynamic -lpthreads 
/usr/bin/ld: cannot find -lpthreads
collect2: error: ld returned 1 exit status
make[2]: Leaving directory `/home/carlos/catkin_ws/src/caso2/build/CMakeFiles/CMakeTmp'
make[2]: *** [cmTryCompileExec2123669852] Error 1
make[1]: Leaving directory `/home/carlos/catkin_ws/src/caso2/build/CMakeFiles/CMakeTmp'
make[1]: *** [cmTryCompileExec2123669852/fast] Error 2


